running develop
running egg_info
creating aau_lab_ros_models.egg-info
writing aau_lab_ros_models.egg-info/PKG-INFO
writing dependency_links to aau_lab_ros_models.egg-info/dependency_links.txt
writing entry points to aau_lab_ros_models.egg-info/entry_points.txt
writing requirements to aau_lab_ros_models.egg-info/requires.txt
writing top-level names to aau_lab_ros_models.egg-info/top_level.txt
writing manifest file 'aau_lab_ros_models.egg-info/SOURCES.txt'
reading manifest file 'aau_lab_ros_models.egg-info/SOURCES.txt'
writing manifest file 'aau_lab_ros_models.egg-info/SOURCES.txt'
running build_ext
Creating /workspaces/OMTP_Exercises/src/install/aau_lab_ros_models/lib/python3.10/site-packages/aau-lab-ros-models.egg-link (link to .)

Installed /workspaces/OMTP_Exercises/src/build/aau_lab_ros_models
running install_data
creating /workspaces/OMTP_Exercises/src/install/aau_lab_ros_models/share/ament_index
creating /workspaces/OMTP_Exercises/src/install/aau_lab_ros_models/share/ament_index/resource_index
creating /workspaces/OMTP_Exercises/src/install/aau_lab_ros_models/share/ament_index/resource_index/packages
copying resource/aau_lab_ros_models -> /workspaces/OMTP_Exercises/src/install/aau_lab_ros_models/share/ament_index/resource_index/packages
copying package.xml -> /workspaces/OMTP_Exercises/src/install/aau_lab_ros_models/share/aau_lab_ros_models
creating /workspaces/OMTP_Exercises/src/install/aau_lab_ros_models/share/aau_lab_ros_models/urdf
copying urdf/festo_t_module/festo_t_module.urdf.xacro -> /workspaces/OMTP_Exercises/src/install/aau_lab_ros_models/share/aau_lab_ros_models/urdf
copying urdf/festo_bypass_module/festo_bypass_module.urdf.xacro -> /workspaces/OMTP_Exercises/src/install/aau_lab_ros_models/share/aau_lab_ros_models/urdf
copying urdf/eu_pallet/eu_pallet.urdf.xacro -> /workspaces/OMTP_Exercises/src/install/aau_lab_ros_models/share/aau_lab_ros_models/urdf
copying urdf/festo_robot_module/festo_robot_module.urdf.xacro -> /workspaces/OMTP_Exercises/src/install/aau_lab_ros_models/share/aau_lab_ros_models/urdf
copying urdf/festo_straight_module/festo_straight_module.urdf.xacro -> /workspaces/OMTP_Exercises/src/install/aau_lab_ros_models/share/aau_lab_ros_models/urdf
copying urdf/pool_cue/pool_cue.urdf.xacro -> /workspaces/OMTP_Exercises/src/install/aau_lab_ros_models/share/aau_lab_ros_models/urdf
copying urdf/fib14/fib14.urdf.xacro -> /workspaces/OMTP_Exercises/src/install/aau_lab_ros_models/share/aau_lab_ros_models/urdf
copying urdf/wood_box/wood_box.urdf.xacro -> /workspaces/OMTP_Exercises/src/install/aau_lab_ros_models/share/aau_lab_ros_models/urdf
creating /workspaces/OMTP_Exercises/src/install/aau_lab_ros_models/share/aau_lab_ros_models/meshes
copying meshes/festo_t_module/festo_t_module.dae -> /workspaces/OMTP_Exercises/src/install/aau_lab_ros_models/share/aau_lab_ros_models/meshes
copying meshes/festo_bypass_module/festo_bypass_module.dae -> /workspaces/OMTP_Exercises/src/install/aau_lab_ros_models/share/aau_lab_ros_models/meshes
copying meshes/eu_pallet/eu_pallet.dae -> /workspaces/OMTP_Exercises/src/install/aau_lab_ros_models/share/aau_lab_ros_models/meshes
copying meshes/festo_robot_module/festo_robot_module.dae -> /workspaces/OMTP_Exercises/src/install/aau_lab_ros_models/share/aau_lab_ros_models/meshes
copying meshes/festo_straight_module/festo_straight_module.dae -> /workspaces/OMTP_Exercises/src/install/aau_lab_ros_models/share/aau_lab_ros_models/meshes
copying meshes/pool_cue/pool_cue.dae -> /workspaces/OMTP_Exercises/src/install/aau_lab_ros_models/share/aau_lab_ros_models/meshes
copying meshes/fib14/fib14.dae -> /workspaces/OMTP_Exercises/src/install/aau_lab_ros_models/share/aau_lab_ros_models/meshes
copying meshes/wood_box/wood_box_3.dae -> /workspaces/OMTP_Exercises/src/install/aau_lab_ros_models/share/aau_lab_ros_models/meshes
copying meshes/wood_box/wood_box_2.dae -> /workspaces/OMTP_Exercises/src/install/aau_lab_ros_models/share/aau_lab_ros_models/meshes
copying meshes/wood_box/wood_box.dae -> /workspaces/OMTP_Exercises/src/install/aau_lab_ros_models/share/aau_lab_ros_models/meshes
