[0.444s] DEBUG:colcon:Command line arguments: ['/usr/bin/colcon', 'build', '--symlink-install']
[0.444s] DEBUG:colcon:Parsed command line arguments: Namespace(log_base=None, log_level=None, verb_name='build', build_base='build', install_base='install', merge_install=False, symlink_install=True, test_result_base=None, continue_on_error=False, executor='parallel', parallel_workers=20, event_handlers=None, ignore_user_meta=False, metas=['./colcon.meta'], base_paths=['.'], packages_ignore=None, packages_ignore_regex=None, paths=None, packages_up_to=None, packages_up_to_regex=None, packages_above=None, packages_above_and_dependencies=None, packages_above_depth=None, packages_select_by_dep=None, packages_skip_by_dep=None, packages_skip_up_to=None, packages_select_build_failed=False, packages_skip_build_finished=False, packages_select_test_failures=False, packages_skip_test_passed=False, packages_select=None, packages_skip=None, packages_select_regex=None, packages_skip_regex=None, packages_start=None, packages_end=None, cmake_args=None, cmake_target=None, cmake_target_skip_unavailable=False, cmake_clean_cache=False, cmake_clean_first=False, cmake_force_configure=False, ament_cmake_args=None, catkin_cmake_args=None, catkin_skip_building_tests=False, verb_parser=<colcon_defaults.argument_parser.defaults.DefaultArgumentsDecorator object at 0x7fbf8d474310>, verb_extension=<colcon_core.verb.build.BuildVerb object at 0x7fbf8d8cebf0>, main=<bound method BuildVerb.main of <colcon_core.verb.build.BuildVerb object at 0x7fbf8d8cebf0>>)
[0.467s] Level 1:colcon.colcon_core.package_discovery:discover_packages(colcon_meta) check parameters
[0.467s] Level 1:colcon.colcon_core.package_discovery:discover_packages(recursive) check parameters
[0.467s] Level 1:colcon.colcon_core.package_discovery:discover_packages(ignore) check parameters
[0.467s] Level 1:colcon.colcon_core.package_discovery:discover_packages(path) check parameters
[0.467s] Level 1:colcon.colcon_core.package_discovery:discover_packages(colcon_meta) discover
[0.467s] Level 1:colcon.colcon_core.package_discovery:discover_packages(recursive) discover
[0.467s] INFO:colcon.colcon_core.package_discovery:Crawling recursively for packages in '/workspaces/OMTP_Exercises/src'
[0.467s] Level 1:colcon.colcon_core.package_identification:_identify(.) by extensions ['ignore', 'ignore_ament_install']
[0.467s] Level 1:colcon.colcon_core.package_identification:_identify(.) by extension 'ignore'
[0.467s] Level 1:colcon.colcon_core.package_identification:_identify(.) by extension 'ignore_ament_install'
[0.467s] Level 1:colcon.colcon_core.package_identification:_identify(.) by extensions ['colcon_pkg']
[0.467s] Level 1:colcon.colcon_core.package_identification:_identify(.) by extension 'colcon_pkg'
[0.467s] Level 1:colcon.colcon_core.package_identification:_identify(.) by extensions ['colcon_meta']
[0.467s] Level 1:colcon.colcon_core.package_identification:_identify(.) by extension 'colcon_meta'
[0.467s] Level 1:colcon.colcon_core.package_identification:_identify(.) by extensions ['ros']
[0.467s] Level 1:colcon.colcon_core.package_identification:_identify(.) by extension 'ros'
[0.474s] Level 1:colcon.colcon_core.package_identification:_identify(.) by extensions ['cmake', 'python']
[0.474s] Level 1:colcon.colcon_core.package_identification:_identify(.) by extension 'cmake'
[0.474s] Level 1:colcon.colcon_core.package_identification:_identify(.) by extension 'python'
[0.474s] Level 1:colcon.colcon_core.package_identification:_identify(.) by extensions ['python_setup_py']
[0.474s] Level 1:colcon.colcon_core.package_identification:_identify(.) by extension 'python_setup_py'
[0.474s] Level 1:colcon.colcon_core.package_identification:_identify(build) by extensions ['ignore', 'ignore_ament_install']
[0.474s] Level 1:colcon.colcon_core.package_identification:_identify(build) by extension 'ignore'
[0.474s] Level 1:colcon.colcon_core.package_identification:_identify(build) ignored
[0.474s] Level 1:colcon.colcon_core.package_identification:_identify(external_packages) by extensions ['ignore', 'ignore_ament_install']
[0.474s] Level 1:colcon.colcon_core.package_identification:_identify(external_packages) by extension 'ignore'
[0.474s] Level 1:colcon.colcon_core.package_identification:_identify(external_packages) by extension 'ignore_ament_install'
[0.474s] Level 1:colcon.colcon_core.package_identification:_identify(external_packages) by extensions ['colcon_pkg']
[0.474s] Level 1:colcon.colcon_core.package_identification:_identify(external_packages) by extension 'colcon_pkg'
[0.474s] Level 1:colcon.colcon_core.package_identification:_identify(external_packages) by extensions ['colcon_meta']
[0.474s] Level 1:colcon.colcon_core.package_identification:_identify(external_packages) by extension 'colcon_meta'
[0.474s] Level 1:colcon.colcon_core.package_identification:_identify(external_packages) by extensions ['ros']
[0.474s] Level 1:colcon.colcon_core.package_identification:_identify(external_packages) by extension 'ros'
[0.474s] Level 1:colcon.colcon_core.package_identification:_identify(external_packages) by extensions ['cmake', 'python']
[0.474s] Level 1:colcon.colcon_core.package_identification:_identify(external_packages) by extension 'cmake'
[0.474s] Level 1:colcon.colcon_core.package_identification:_identify(external_packages) by extension 'python'
[0.474s] Level 1:colcon.colcon_core.package_identification:_identify(external_packages) by extensions ['python_setup_py']
[0.474s] Level 1:colcon.colcon_core.package_identification:_identify(external_packages) by extension 'python_setup_py'
[0.474s] Level 1:colcon.colcon_core.package_identification:_identify(external_packages/aau_lab_ros_models) by extensions ['ignore', 'ignore_ament_install']
[0.475s] Level 1:colcon.colcon_core.package_identification:_identify(external_packages/aau_lab_ros_models) by extension 'ignore'
[0.475s] Level 1:colcon.colcon_core.package_identification:_identify(external_packages/aau_lab_ros_models) by extension 'ignore_ament_install'
[0.475s] Level 1:colcon.colcon_core.package_identification:_identify(external_packages/aau_lab_ros_models) by extensions ['colcon_pkg']
[0.475s] Level 1:colcon.colcon_core.package_identification:_identify(external_packages/aau_lab_ros_models) by extension 'colcon_pkg'
[0.475s] Level 1:colcon.colcon_core.package_identification:_identify(external_packages/aau_lab_ros_models) by extensions ['colcon_meta']
[0.475s] Level 1:colcon.colcon_core.package_identification:_identify(external_packages/aau_lab_ros_models) by extension 'colcon_meta'
[0.475s] Level 1:colcon.colcon_core.package_identification:_identify(external_packages/aau_lab_ros_models) by extensions ['ros']
[0.475s] Level 1:colcon.colcon_core.package_identification:_identify(external_packages/aau_lab_ros_models) by extension 'ros'
[0.476s] DEBUG:colcon.colcon_core.package_identification:Package 'external_packages/aau_lab_ros_models' with type 'ros.ament_python' and name 'aau_lab_ros_models'
[0.476s] Level 1:colcon.colcon_core.package_identification:_identify(external_ros_models) by extensions ['ignore', 'ignore_ament_install']
[0.476s] Level 1:colcon.colcon_core.package_identification:_identify(external_ros_models) by extension 'ignore'
[0.476s] Level 1:colcon.colcon_core.package_identification:_identify(external_ros_models) by extension 'ignore_ament_install'
[0.476s] Level 1:colcon.colcon_core.package_identification:_identify(external_ros_models) by extensions ['colcon_pkg']
[0.476s] Level 1:colcon.colcon_core.package_identification:_identify(external_ros_models) by extension 'colcon_pkg'
[0.476s] Level 1:colcon.colcon_core.package_identification:_identify(external_ros_models) by extensions ['colcon_meta']
[0.476s] Level 1:colcon.colcon_core.package_identification:_identify(external_ros_models) by extension 'colcon_meta'
[0.476s] Level 1:colcon.colcon_core.package_identification:_identify(external_ros_models) by extensions ['ros']
[0.476s] Level 1:colcon.colcon_core.package_identification:_identify(external_ros_models) by extension 'ros'
[0.477s] DEBUG:colcon.colcon_core.package_identification:Package 'external_ros_models' with type 'ros.ament_python' and name 'external_ros_models'
[0.477s] Level 1:colcon.colcon_core.package_identification:_identify(install) by extensions ['ignore', 'ignore_ament_install']
[0.477s] Level 1:colcon.colcon_core.package_identification:_identify(install) by extension 'ignore'
[0.477s] Level 1:colcon.colcon_core.package_identification:_identify(install) ignored
[0.477s] Level 1:colcon.colcon_core.package_identification:_identify(log) by extensions ['ignore', 'ignore_ament_install']
[0.477s] Level 1:colcon.colcon_core.package_identification:_identify(log) by extension 'ignore'
[0.477s] Level 1:colcon.colcon_core.package_identification:_identify(log) ignored
[0.477s] Level 1:colcon.colcon_core.package_identification:_identify(omtp_lecture1_2) by extensions ['ignore', 'ignore_ament_install']
[0.477s] Level 1:colcon.colcon_core.package_identification:_identify(omtp_lecture1_2) by extension 'ignore'
[0.477s] Level 1:colcon.colcon_core.package_identification:_identify(omtp_lecture1_2) by extension 'ignore_ament_install'
[0.477s] Level 1:colcon.colcon_core.package_identification:_identify(omtp_lecture1_2) by extensions ['colcon_pkg']
[0.477s] Level 1:colcon.colcon_core.package_identification:_identify(omtp_lecture1_2) by extension 'colcon_pkg'
[0.477s] Level 1:colcon.colcon_core.package_identification:_identify(omtp_lecture1_2) by extensions ['colcon_meta']
[0.477s] Level 1:colcon.colcon_core.package_identification:_identify(omtp_lecture1_2) by extension 'colcon_meta'
[0.477s] Level 1:colcon.colcon_core.package_identification:_identify(omtp_lecture1_2) by extensions ['ros']
[0.477s] Level 1:colcon.colcon_core.package_identification:_identify(omtp_lecture1_2) by extension 'ros'
[0.477s] DEBUG:colcon.colcon_core.package_identification:Package 'omtp_lecture1_2' with type 'ros.ament_python' and name 'omtp_lecture1_2'
[0.477s] Level 1:colcon.colcon_core.package_discovery:discover_packages(recursive) using defaults
[0.477s] Level 1:colcon.colcon_core.package_discovery:discover_packages(ignore) discover
[0.477s] Level 1:colcon.colcon_core.package_discovery:discover_packages(ignore) using defaults
[0.478s] Level 1:colcon.colcon_core.package_discovery:discover_packages(path) discover
[0.478s] Level 1:colcon.colcon_core.package_discovery:discover_packages(path) using defaults
[0.514s] Level 5:colcon.colcon_core.verb:set package 'aau_lab_ros_models' build argument 'cmake_args' from command line to 'None'
[0.514s] Level 5:colcon.colcon_core.verb:set package 'aau_lab_ros_models' build argument 'cmake_target' from command line to 'None'
[0.514s] Level 5:colcon.colcon_core.verb:set package 'aau_lab_ros_models' build argument 'cmake_target_skip_unavailable' from command line to 'False'
[0.514s] Level 5:colcon.colcon_core.verb:set package 'aau_lab_ros_models' build argument 'cmake_clean_cache' from command line to 'False'
[0.514s] Level 5:colcon.colcon_core.verb:set package 'aau_lab_ros_models' build argument 'cmake_clean_first' from command line to 'False'
[0.514s] Level 5:colcon.colcon_core.verb:set package 'aau_lab_ros_models' build argument 'cmake_force_configure' from command line to 'False'
[0.514s] Level 5:colcon.colcon_core.verb:set package 'aau_lab_ros_models' build argument 'ament_cmake_args' from command line to 'None'
[0.514s] Level 5:colcon.colcon_core.verb:set package 'aau_lab_ros_models' build argument 'catkin_cmake_args' from command line to 'None'
[0.514s] Level 5:colcon.colcon_core.verb:set package 'aau_lab_ros_models' build argument 'catkin_skip_building_tests' from command line to 'False'
[0.514s] DEBUG:colcon.colcon_core.verb:Building package 'aau_lab_ros_models' with the following arguments: {'ament_cmake_args': None, 'build_base': '/workspaces/OMTP_Exercises/src/build/aau_lab_ros_models', 'catkin_cmake_args': None, 'catkin_skip_building_tests': False, 'cmake_args': None, 'cmake_clean_cache': False, 'cmake_clean_first': False, 'cmake_force_configure': False, 'cmake_target': None, 'cmake_target_skip_unavailable': False, 'install_base': '/workspaces/OMTP_Exercises/src/install/aau_lab_ros_models', 'merge_install': False, 'path': '/workspaces/OMTP_Exercises/src/external_packages/aau_lab_ros_models', 'symlink_install': True, 'test_result_base': None}
[0.521s] Level 5:colcon.colcon_core.verb:set package 'external_ros_models' build argument 'cmake_args' from command line to 'None'
[0.521s] Level 5:colcon.colcon_core.verb:set package 'external_ros_models' build argument 'cmake_target' from command line to 'None'
[0.521s] Level 5:colcon.colcon_core.verb:set package 'external_ros_models' build argument 'cmake_target_skip_unavailable' from command line to 'False'
[0.521s] Level 5:colcon.colcon_core.verb:set package 'external_ros_models' build argument 'cmake_clean_cache' from command line to 'False'
[0.521s] Level 5:colcon.colcon_core.verb:set package 'external_ros_models' build argument 'cmake_clean_first' from command line to 'False'
[0.521s] Level 5:colcon.colcon_core.verb:set package 'external_ros_models' build argument 'cmake_force_configure' from command line to 'False'
[0.521s] Level 5:colcon.colcon_core.verb:set package 'external_ros_models' build argument 'ament_cmake_args' from command line to 'None'
[0.521s] Level 5:colcon.colcon_core.verb:set package 'external_ros_models' build argument 'catkin_cmake_args' from command line to 'None'
[0.521s] Level 5:colcon.colcon_core.verb:set package 'external_ros_models' build argument 'catkin_skip_building_tests' from command line to 'False'
[0.521s] DEBUG:colcon.colcon_core.verb:Building package 'external_ros_models' with the following arguments: {'ament_cmake_args': None, 'build_base': '/workspaces/OMTP_Exercises/src/build/external_ros_models', 'catkin_cmake_args': None, 'catkin_skip_building_tests': False, 'cmake_args': None, 'cmake_clean_cache': False, 'cmake_clean_first': False, 'cmake_force_configure': False, 'cmake_target': None, 'cmake_target_skip_unavailable': False, 'install_base': '/workspaces/OMTP_Exercises/src/install/external_ros_models', 'merge_install': False, 'path': '/workspaces/OMTP_Exercises/src/external_ros_models', 'symlink_install': True, 'test_result_base': None}
[0.528s] Level 5:colcon.colcon_core.verb:set package 'omtp_lecture1_2' build argument 'cmake_args' from command line to 'None'
[0.528s] Level 5:colcon.colcon_core.verb:set package 'omtp_lecture1_2' build argument 'cmake_target' from command line to 'None'
[0.528s] Level 5:colcon.colcon_core.verb:set package 'omtp_lecture1_2' build argument 'cmake_target_skip_unavailable' from command line to 'False'
[0.528s] Level 5:colcon.colcon_core.verb:set package 'omtp_lecture1_2' build argument 'cmake_clean_cache' from command line to 'False'
[0.528s] Level 5:colcon.colcon_core.verb:set package 'omtp_lecture1_2' build argument 'cmake_clean_first' from command line to 'False'
[0.528s] Level 5:colcon.colcon_core.verb:set package 'omtp_lecture1_2' build argument 'cmake_force_configure' from command line to 'False'
[0.528s] Level 5:colcon.colcon_core.verb:set package 'omtp_lecture1_2' build argument 'ament_cmake_args' from command line to 'None'
[0.528s] Level 5:colcon.colcon_core.verb:set package 'omtp_lecture1_2' build argument 'catkin_cmake_args' from command line to 'None'
[0.528s] Level 5:colcon.colcon_core.verb:set package 'omtp_lecture1_2' build argument 'catkin_skip_building_tests' from command line to 'False'
[0.528s] DEBUG:colcon.colcon_core.verb:Building package 'omtp_lecture1_2' with the following arguments: {'ament_cmake_args': None, 'build_base': '/workspaces/OMTP_Exercises/src/build/omtp_lecture1_2', 'catkin_cmake_args': None, 'catkin_skip_building_tests': False, 'cmake_args': None, 'cmake_clean_cache': False, 'cmake_clean_first': False, 'cmake_force_configure': False, 'cmake_target': None, 'cmake_target_skip_unavailable': False, 'install_base': '/workspaces/OMTP_Exercises/src/install/omtp_lecture1_2', 'merge_install': False, 'path': '/workspaces/OMTP_Exercises/src/omtp_lecture1_2', 'symlink_install': True, 'test_result_base': None}
[0.535s] INFO:colcon.colcon_core.executor:Executing jobs using 'parallel' executor
[0.542s] DEBUG:colcon.colcon_parallel_executor.executor.parallel:run_until_complete
[0.542s] INFO:colcon.colcon_ros.task.ament_python.build:Building ROS package in '/workspaces/OMTP_Exercises/src/external_packages/aau_lab_ros_models' with build type 'ament_python'
[0.542s] Level 1:colcon.colcon_core.shell:create_environment_hook('aau_lab_ros_models', 'ament_prefix_path')
[0.549s] INFO:colcon.colcon_core.plugin_system:Skipping extension 'colcon_core.shell.bat': Not used on non-Windows systems
[0.549s] INFO:colcon.colcon_core.shell:Creating environment hook '/workspaces/OMTP_Exercises/src/install/aau_lab_ros_models/share/aau_lab_ros_models/hook/ament_prefix_path.ps1'
[0.550s] INFO:colcon.colcon_core.shell:Creating environment descriptor '/workspaces/OMTP_Exercises/src/install/aau_lab_ros_models/share/aau_lab_ros_models/hook/ament_prefix_path.dsv'
[0.550s] INFO:colcon.colcon_core.shell:Creating environment hook '/workspaces/OMTP_Exercises/src/install/aau_lab_ros_models/share/aau_lab_ros_models/hook/ament_prefix_path.sh'
[0.557s] INFO:colcon.colcon_core.shell:Skip shell extension 'powershell' for command environment: Not usable outside of PowerShell
[0.557s] DEBUG:colcon.colcon_core.shell:Skip shell extension 'dsv' for command environment
[0.581s] INFO:colcon.colcon_ros.task.ament_python.build:Building ROS package in '/workspaces/OMTP_Exercises/src/external_ros_models' with build type 'ament_python'
[0.581s] Level 1:colcon.colcon_core.shell:create_environment_hook('external_ros_models', 'ament_prefix_path')
[0.594s] INFO:colcon.colcon_core.shell:Creating environment hook '/workspaces/OMTP_Exercises/src/install/external_ros_models/share/external_ros_models/hook/ament_prefix_path.ps1'
[0.594s] INFO:colcon.colcon_core.shell:Creating environment descriptor '/workspaces/OMTP_Exercises/src/install/external_ros_models/share/external_ros_models/hook/ament_prefix_path.dsv'
[0.594s] INFO:colcon.colcon_core.shell:Creating environment hook '/workspaces/OMTP_Exercises/src/install/external_ros_models/share/external_ros_models/hook/ament_prefix_path.sh'
[0.601s] INFO:colcon.colcon_core.shell:Skip shell extension 'powershell' for command environment: Not usable outside of PowerShell
[0.601s] DEBUG:colcon.colcon_core.shell:Skip shell extension 'dsv' for command environment
[0.622s] INFO:colcon.colcon_ros.task.ament_python.build:Building ROS package in '/workspaces/OMTP_Exercises/src/omtp_lecture1_2' with build type 'ament_python'
[0.622s] Level 1:colcon.colcon_core.shell:create_environment_hook('omtp_lecture1_2', 'ament_prefix_path')
[0.629s] INFO:colcon.colcon_core.shell:Creating environment hook '/workspaces/OMTP_Exercises/src/install/omtp_lecture1_2/share/omtp_lecture1_2/hook/ament_prefix_path.ps1'
[0.629s] INFO:colcon.colcon_core.shell:Creating environment descriptor '/workspaces/OMTP_Exercises/src/install/omtp_lecture1_2/share/omtp_lecture1_2/hook/ament_prefix_path.dsv'
[0.629s] INFO:colcon.colcon_core.shell:Creating environment hook '/workspaces/OMTP_Exercises/src/install/omtp_lecture1_2/share/omtp_lecture1_2/hook/ament_prefix_path.sh'
[0.637s] INFO:colcon.colcon_core.shell:Skip shell extension 'powershell' for command environment: Not usable outside of PowerShell
[0.637s] DEBUG:colcon.colcon_core.shell:Skip shell extension 'dsv' for command environment
[0.796s] INFO:colcon.colcon_core.task.python.build:Building Python package in '/workspaces/OMTP_Exercises/src/external_packages/aau_lab_ros_models'
[0.803s] INFO:colcon.colcon_core.shell:Skip shell extension 'powershell' for command environment: Not usable outside of PowerShell
[0.803s] DEBUG:colcon.colcon_core.shell:Skip shell extension 'dsv' for command environment
[0.959s] INFO:colcon.colcon_core.task.python.build:Building Python package in '/workspaces/OMTP_Exercises/src/external_ros_models'
[0.971s] INFO:colcon.colcon_core.shell:Skip shell extension 'powershell' for command environment: Not usable outside of PowerShell
[0.971s] DEBUG:colcon.colcon_core.shell:Skip shell extension 'dsv' for command environment
[1.138s] INFO:colcon.colcon_core.task.python.build:Building Python package in '/workspaces/OMTP_Exercises/src/omtp_lecture1_2'
[1.145s] INFO:colcon.colcon_core.shell:Skip shell extension 'powershell' for command environment: Not usable outside of PowerShell
[1.145s] DEBUG:colcon.colcon_core.shell:Skip shell extension 'dsv' for command environment
[1.391s] DEBUG:colcon.colcon_core.event_handler.log_command:Invoking command in '/workspaces/OMTP_Exercises/src/build/aau_lab_ros_models': PYTHONPATH=/workspaces/OMTP_Exercises/src/build/aau_lab_ros_models/prefix_override:/workspaces/OMTP_Exercises/src/install/aau_lab_ros_models/lib/python3.10/site-packages:${PYTHONPATH} /usr/bin/python3 setup.py develop --editable --build-directory /workspaces/OMTP_Exercises/src/build/aau_lab_ros_models/build --no-deps install_data
[1.394s] DEBUG:colcon.colcon_core.event_handler.log_command:Invoking command in '/workspaces/OMTP_Exercises/src/build/external_ros_models': PYTHONPATH=/workspaces/OMTP_Exercises/src/build/external_ros_models/prefix_override:/workspaces/OMTP_Exercises/src/install/external_ros_models/lib/python3.10/site-packages:${PYTHONPATH} /usr/bin/python3 setup.py develop --editable --build-directory /workspaces/OMTP_Exercises/src/build/external_ros_models/build --no-deps install_data
[1.396s] DEBUG:colcon.colcon_core.event_handler.log_command:Invoking command in '/workspaces/OMTP_Exercises/src/build/omtp_lecture1_2': PYTHONPATH=/workspaces/OMTP_Exercises/src/build/omtp_lecture1_2/prefix_override:/workspaces/OMTP_Exercises/src/install/omtp_lecture1_2/lib/python3.10/site-packages:${PYTHONPATH} /usr/bin/python3 setup.py develop --editable --build-directory /workspaces/OMTP_Exercises/src/build/omtp_lecture1_2/build --no-deps install_data
[1.639s] Level 1:colcon.colcon_core.shell:create_environment_hook('omtp_lecture1_2', 'pythonpath_develop')
[1.639s] DEBUG:colcon.colcon_core.event_handler.log_command:Invoked command in '/workspaces/OMTP_Exercises/src/build/omtp_lecture1_2' returned '0': PYTHONPATH=/workspaces/OMTP_Exercises/src/build/omtp_lecture1_2/prefix_override:/workspaces/OMTP_Exercises/src/install/omtp_lecture1_2/lib/python3.10/site-packages:${PYTHONPATH} /usr/bin/python3 setup.py develop --editable --build-directory /workspaces/OMTP_Exercises/src/build/omtp_lecture1_2/build --no-deps install_data
[1.650s] INFO:colcon.colcon_core.shell:Creating environment hook '/workspaces/OMTP_Exercises/src/build/omtp_lecture1_2/share/omtp_lecture1_2/hook/pythonpath_develop.ps1'
[1.651s] INFO:colcon.colcon_core.shell:Creating environment descriptor '/workspaces/OMTP_Exercises/src/build/omtp_lecture1_2/share/omtp_lecture1_2/hook/pythonpath_develop.dsv'
[1.651s] INFO:colcon.colcon_core.shell:Creating environment hook '/workspaces/OMTP_Exercises/src/build/omtp_lecture1_2/share/omtp_lecture1_2/hook/pythonpath_develop.sh'
[1.663s] Level 1:colcon.colcon_core.environment:checking '/workspaces/OMTP_Exercises/src/install/omtp_lecture1_2' for CMake module files
[1.663s] Level 1:colcon.colcon_core.environment:checking '/workspaces/OMTP_Exercises/src/install/omtp_lecture1_2' for CMake config files
[1.664s] Level 1:colcon.colcon_core.environment:checking '/workspaces/OMTP_Exercises/src/install/omtp_lecture1_2/lib'
[1.664s] Level 1:colcon.colcon_core.environment:checking '/workspaces/OMTP_Exercises/src/install/omtp_lecture1_2/bin'
[1.664s] Level 1:colcon.colcon_core.environment:checking '/workspaces/OMTP_Exercises/src/install/omtp_lecture1_2/lib/pkgconfig/omtp_lecture1_2.pc'
[1.664s] Level 1:colcon.colcon_core.environment:checking '/workspaces/OMTP_Exercises/src/install/omtp_lecture1_2/lib/python3.10/site-packages'
[1.664s] Level 1:colcon.colcon_core.shell:create_environment_hook('omtp_lecture1_2', 'pythonpath')
[1.672s] INFO:colcon.colcon_core.shell:Creating environment hook '/workspaces/OMTP_Exercises/src/install/omtp_lecture1_2/share/omtp_lecture1_2/hook/pythonpath.ps1'
[1.672s] INFO:colcon.colcon_core.shell:Creating environment descriptor '/workspaces/OMTP_Exercises/src/install/omtp_lecture1_2/share/omtp_lecture1_2/hook/pythonpath.dsv'
[1.672s] INFO:colcon.colcon_core.shell:Creating environment hook '/workspaces/OMTP_Exercises/src/install/omtp_lecture1_2/share/omtp_lecture1_2/hook/pythonpath.sh'
[1.672s] Level 1:colcon.colcon_core.environment:checking '/workspaces/OMTP_Exercises/src/install/omtp_lecture1_2/bin'
[1.673s] Level 1:colcon.colcon_core.environment:create_environment_scripts_only(omtp_lecture1_2)
[1.680s] INFO:colcon.colcon_core.shell:Creating package script '/workspaces/OMTP_Exercises/src/install/omtp_lecture1_2/share/omtp_lecture1_2/package.ps1'
[1.680s] INFO:colcon.colcon_core.shell:Creating package descriptor '/workspaces/OMTP_Exercises/src/install/omtp_lecture1_2/share/omtp_lecture1_2/package.dsv'
[1.680s] INFO:colcon.colcon_core.shell:Creating package script '/workspaces/OMTP_Exercises/src/install/omtp_lecture1_2/share/omtp_lecture1_2/package.sh'
[1.681s] INFO:colcon.colcon_core.shell:Creating package script '/workspaces/OMTP_Exercises/src/install/omtp_lecture1_2/share/omtp_lecture1_2/package.bash'
[1.681s] INFO:colcon.colcon_core.shell:Creating package script '/workspaces/OMTP_Exercises/src/install/omtp_lecture1_2/share/omtp_lecture1_2/package.zsh'
[1.681s] Level 1:colcon.colcon_core.environment:create_file_with_runtime_dependencies(/workspaces/OMTP_Exercises/src/install/omtp_lecture1_2/share/colcon-core/packages/omtp_lecture1_2)
[1.682s] Level 1:colcon.colcon_core.shell:create_environment_hook('external_ros_models', 'pythonpath_develop')
[1.683s] DEBUG:colcon.colcon_core.event_handler.log_command:Invoked command in '/workspaces/OMTP_Exercises/src/build/external_ros_models' returned '0': PYTHONPATH=/workspaces/OMTP_Exercises/src/build/external_ros_models/prefix_override:/workspaces/OMTP_Exercises/src/install/external_ros_models/lib/python3.10/site-packages:${PYTHONPATH} /usr/bin/python3 setup.py develop --editable --build-directory /workspaces/OMTP_Exercises/src/build/external_ros_models/build --no-deps install_data
[1.691s] INFO:colcon.colcon_core.shell:Creating environment hook '/workspaces/OMTP_Exercises/src/build/external_ros_models/share/external_ros_models/hook/pythonpath_develop.ps1'
[1.691s] INFO:colcon.colcon_core.shell:Creating environment descriptor '/workspaces/OMTP_Exercises/src/build/external_ros_models/share/external_ros_models/hook/pythonpath_develop.dsv'
[1.691s] INFO:colcon.colcon_core.shell:Creating environment hook '/workspaces/OMTP_Exercises/src/build/external_ros_models/share/external_ros_models/hook/pythonpath_develop.sh'
[1.699s] Level 1:colcon.colcon_core.environment:checking '/workspaces/OMTP_Exercises/src/install/external_ros_models' for CMake module files
[1.699s] Level 1:colcon.colcon_core.environment:checking '/workspaces/OMTP_Exercises/src/install/external_ros_models' for CMake config files
[1.699s] Level 1:colcon.colcon_core.environment:checking '/workspaces/OMTP_Exercises/src/install/external_ros_models/lib'
[1.699s] Level 1:colcon.colcon_core.environment:checking '/workspaces/OMTP_Exercises/src/install/external_ros_models/bin'
[1.699s] Level 1:colcon.colcon_core.environment:checking '/workspaces/OMTP_Exercises/src/install/external_ros_models/lib/pkgconfig/external_ros_models.pc'
[1.699s] Level 1:colcon.colcon_core.environment:checking '/workspaces/OMTP_Exercises/src/install/external_ros_models/lib/python3.10/site-packages'
[1.699s] Level 1:colcon.colcon_core.shell:create_environment_hook('external_ros_models', 'pythonpath')
[1.706s] INFO:colcon.colcon_core.shell:Creating environment hook '/workspaces/OMTP_Exercises/src/install/external_ros_models/share/external_ros_models/hook/pythonpath.ps1'
[1.707s] INFO:colcon.colcon_core.shell:Creating environment descriptor '/workspaces/OMTP_Exercises/src/install/external_ros_models/share/external_ros_models/hook/pythonpath.dsv'
[1.707s] INFO:colcon.colcon_core.shell:Creating environment hook '/workspaces/OMTP_Exercises/src/install/external_ros_models/share/external_ros_models/hook/pythonpath.sh'
[1.707s] Level 1:colcon.colcon_core.environment:checking '/workspaces/OMTP_Exercises/src/install/external_ros_models/bin'
[1.707s] Level 1:colcon.colcon_core.environment:create_environment_scripts_only(external_ros_models)
[1.714s] INFO:colcon.colcon_core.shell:Creating package script '/workspaces/OMTP_Exercises/src/install/external_ros_models/share/external_ros_models/package.ps1'
[1.714s] INFO:colcon.colcon_core.shell:Creating package descriptor '/workspaces/OMTP_Exercises/src/install/external_ros_models/share/external_ros_models/package.dsv'
[1.714s] INFO:colcon.colcon_core.shell:Creating package script '/workspaces/OMTP_Exercises/src/install/external_ros_models/share/external_ros_models/package.sh'
[1.714s] INFO:colcon.colcon_core.shell:Creating package script '/workspaces/OMTP_Exercises/src/install/external_ros_models/share/external_ros_models/package.bash'
[1.715s] INFO:colcon.colcon_core.shell:Creating package script '/workspaces/OMTP_Exercises/src/install/external_ros_models/share/external_ros_models/package.zsh'
[1.715s] Level 1:colcon.colcon_core.environment:create_file_with_runtime_dependencies(/workspaces/OMTP_Exercises/src/install/external_ros_models/share/colcon-core/packages/external_ros_models)
[1.715s] Level 1:colcon.colcon_core.shell:create_environment_hook('aau_lab_ros_models', 'pythonpath_develop')
[1.716s] DEBUG:colcon.colcon_core.event_handler.log_command:Invoked command in '/workspaces/OMTP_Exercises/src/build/aau_lab_ros_models' returned '0': PYTHONPATH=/workspaces/OMTP_Exercises/src/build/aau_lab_ros_models/prefix_override:/workspaces/OMTP_Exercises/src/install/aau_lab_ros_models/lib/python3.10/site-packages:${PYTHONPATH} /usr/bin/python3 setup.py develop --editable --build-directory /workspaces/OMTP_Exercises/src/build/aau_lab_ros_models/build --no-deps install_data
[1.723s] INFO:colcon.colcon_core.shell:Creating environment hook '/workspaces/OMTP_Exercises/src/build/aau_lab_ros_models/share/aau_lab_ros_models/hook/pythonpath_develop.ps1'
[1.723s] INFO:colcon.colcon_core.shell:Creating environment descriptor '/workspaces/OMTP_Exercises/src/build/aau_lab_ros_models/share/aau_lab_ros_models/hook/pythonpath_develop.dsv'
[1.723s] INFO:colcon.colcon_core.shell:Creating environment hook '/workspaces/OMTP_Exercises/src/build/aau_lab_ros_models/share/aau_lab_ros_models/hook/pythonpath_develop.sh'
[1.730s] Level 1:colcon.colcon_core.environment:checking '/workspaces/OMTP_Exercises/src/install/aau_lab_ros_models' for CMake module files
[1.731s] Level 1:colcon.colcon_core.environment:checking '/workspaces/OMTP_Exercises/src/install/aau_lab_ros_models' for CMake config files
[1.731s] Level 1:colcon.colcon_core.environment:checking '/workspaces/OMTP_Exercises/src/install/aau_lab_ros_models/lib'
[1.731s] Level 1:colcon.colcon_core.environment:checking '/workspaces/OMTP_Exercises/src/install/aau_lab_ros_models/bin'
[1.731s] Level 1:colcon.colcon_core.environment:checking '/workspaces/OMTP_Exercises/src/install/aau_lab_ros_models/lib/pkgconfig/aau_lab_ros_models.pc'
[1.731s] Level 1:colcon.colcon_core.environment:checking '/workspaces/OMTP_Exercises/src/install/aau_lab_ros_models/lib/python3.10/site-packages'
[1.731s] Level 1:colcon.colcon_core.shell:create_environment_hook('aau_lab_ros_models', 'pythonpath')
[1.738s] INFO:colcon.colcon_core.shell:Creating environment hook '/workspaces/OMTP_Exercises/src/install/aau_lab_ros_models/share/aau_lab_ros_models/hook/pythonpath.ps1'
[1.738s] INFO:colcon.colcon_core.shell:Creating environment descriptor '/workspaces/OMTP_Exercises/src/install/aau_lab_ros_models/share/aau_lab_ros_models/hook/pythonpath.dsv'
[1.738s] INFO:colcon.colcon_core.shell:Creating environment hook '/workspaces/OMTP_Exercises/src/install/aau_lab_ros_models/share/aau_lab_ros_models/hook/pythonpath.sh'
[1.739s] Level 1:colcon.colcon_core.environment:checking '/workspaces/OMTP_Exercises/src/install/aau_lab_ros_models/bin'
[1.739s] Level 1:colcon.colcon_core.environment:create_environment_scripts_only(aau_lab_ros_models)
[1.746s] INFO:colcon.colcon_core.shell:Creating package script '/workspaces/OMTP_Exercises/src/install/aau_lab_ros_models/share/aau_lab_ros_models/package.ps1'
[1.746s] INFO:colcon.colcon_core.shell:Creating package descriptor '/workspaces/OMTP_Exercises/src/install/aau_lab_ros_models/share/aau_lab_ros_models/package.dsv'
[1.746s] INFO:colcon.colcon_core.shell:Creating package script '/workspaces/OMTP_Exercises/src/install/aau_lab_ros_models/share/aau_lab_ros_models/package.sh'
[1.747s] INFO:colcon.colcon_core.shell:Creating package script '/workspaces/OMTP_Exercises/src/install/aau_lab_ros_models/share/aau_lab_ros_models/package.bash'
[1.747s] INFO:colcon.colcon_core.shell:Creating package script '/workspaces/OMTP_Exercises/src/install/aau_lab_ros_models/share/aau_lab_ros_models/package.zsh'
[1.747s] Level 1:colcon.colcon_core.environment:create_file_with_runtime_dependencies(/workspaces/OMTP_Exercises/src/install/aau_lab_ros_models/share/colcon-core/packages/aau_lab_ros_models)
[1.747s] DEBUG:colcon.colcon_parallel_executor.executor.parallel:closing loop
[1.747s] DEBUG:colcon.colcon_parallel_executor.executor.parallel:loop closed
[1.747s] DEBUG:colcon.colcon_parallel_executor.executor.parallel:run_until_complete finished with '0'
[1.747s] DEBUG:colcon.colcon_core.event_reactor:joining thread
[1.761s] INFO:colcon.colcon_core.plugin_system:Skipping extension 'colcon_notification.desktop_notification.notify_send': Could not find 'notify-send'
[1.761s] INFO:colcon.colcon_core.plugin_system:Skipping extension 'colcon_notification.desktop_notification.terminal_notifier': Not used on non-Darwin systems
[1.761s] INFO:colcon.colcon_core.plugin_system:Skipping extension 'colcon_notification.desktop_notification.win32': Not used on non-Windows systems
[1.761s] INFO:colcon.colcon_notification.desktop_notification:Sending desktop notification using 'notify2'
[1.763s] DEBUG:colcon.colcon_notification.desktop_notification.notify2:Failed to initialize notify2: org.freedesktop.DBus.Error.Spawn.ExecFailed: /usr/bin/dbus-launch terminated abnormally without any error message
[1.763s] DEBUG:colcon.colcon_core.event_reactor:joined thread
[1.771s] INFO:colcon.colcon_core.shell:Creating prefix script '/workspaces/OMTP_Exercises/src/install/local_setup.ps1'
[1.771s] INFO:colcon.colcon_core.shell:Creating prefix util module '/workspaces/OMTP_Exercises/src/install/_local_setup_util_ps1.py'
[1.772s] INFO:colcon.colcon_core.shell:Creating prefix chain script '/workspaces/OMTP_Exercises/src/install/setup.ps1'
[1.780s] INFO:colcon.colcon_core.shell:Creating prefix script '/workspaces/OMTP_Exercises/src/install/local_setup.sh'
[1.780s] INFO:colcon.colcon_core.shell:Creating prefix util module '/workspaces/OMTP_Exercises/src/install/_local_setup_util_sh.py'
[1.780s] INFO:colcon.colcon_core.shell:Creating prefix chain script '/workspaces/OMTP_Exercises/src/install/setup.sh'
[1.788s] INFO:colcon.colcon_core.shell:Creating prefix script '/workspaces/OMTP_Exercises/src/install/local_setup.bash'
[1.788s] INFO:colcon.colcon_core.shell:Creating prefix chain script '/workspaces/OMTP_Exercises/src/install/setup.bash'
[1.795s] INFO:colcon.colcon_core.shell:Creating prefix script '/workspaces/OMTP_Exercises/src/install/local_setup.zsh'
[1.795s] INFO:colcon.colcon_core.shell:Creating prefix chain script '/workspaces/OMTP_Exercises/src/install/setup.zsh'
