[0.813s] Invoking command in '/workspaces/OMTP_Exercises/src/build/external_ros_models': PYTHONPATH=/workspaces/OMTP_Exercises/src/build/external_ros_models/prefix_override:/workspaces/OMTP_Exercises/src/install/external_ros_models/lib/python3.10/site-packages:${PYTHONPATH} /usr/bin/python3 setup.py develop --editable --build-directory /workspaces/OMTP_Exercises/src/build/external_ros_models/build --no-deps install_data
[0.953s] running develop
[0.953s] /usr/lib/python3/dist-packages/setuptools/command/easy_install.py:158: EasyInstallDeprecationWarning: easy_install command is deprecated. Use build and pip and other standards-based tools.
[0.954s]   warnings.warn(
[0.954s] /usr/lib/python3/dist-packages/setuptools/command/install.py:34: SetuptoolsDeprecationWarning: setup.py install is deprecated. Use build and pip and other standards-based tools.
[0.954s]   warnings.warn(
[1.041s] running egg_info
[1.041s] creating external_ros_models.egg-info
[1.041s] writing external_ros_models.egg-info/PKG-INFO
[1.041s] writing dependency_links to external_ros_models.egg-info/dependency_links.txt
[1.041s] writing entry points to external_ros_models.egg-info/entry_points.txt
[1.041s] writing requirements to external_ros_models.egg-info/requires.txt
[1.042s] writing top-level names to external_ros_models.egg-info/top_level.txt
[1.042s] writing manifest file 'external_ros_models.egg-info/SOURCES.txt'
[1.043s] reading manifest file 'external_ros_models.egg-info/SOURCES.txt'
[1.043s] writing manifest file 'external_ros_models.egg-info/SOURCES.txt'
[1.044s] running build_ext
[1.044s] Creating /workspaces/OMTP_Exercises/src/install/external_ros_models/lib/python3.10/site-packages/external-ros-models.egg-link (link to .)
[1.045s] 
[1.045s] Installed /workspaces/OMTP_Exercises/src/build/external_ros_models
[1.045s] running install_data
[1.045s] creating /workspaces/OMTP_Exercises/src/install/external_ros_models/share/ament_index
[1.045s] creating /workspaces/OMTP_Exercises/src/install/external_ros_models/share/ament_index/resource_index
[1.045s] creating /workspaces/OMTP_Exercises/src/install/external_ros_models/share/ament_index/resource_index/packages
[1.045s] copying resource/external_ros_models -> /workspaces/OMTP_Exercises/src/install/external_ros_models/share/ament_index/resource_index/packages
[1.045s] copying package.xml -> /workspaces/OMTP_Exercises/src/install/external_ros_models/share/external_ros_models
[1.045s] creating /workspaces/OMTP_Exercises/src/install/external_ros_models/share/external_ros_models/urdf
[1.046s] copying urdf/robot_pedestal/robot_pedestal.gazebo.xacro -> /workspaces/OMTP_Exercises/src/install/external_ros_models/share/external_ros_models/urdf
[1.046s] copying urdf/robot_pedestal/robot_pedestal.urdf.xacro -> /workspaces/OMTP_Exercises/src/install/external_ros_models/share/external_ros_models/urdf
[1.046s] copying urdf/bin/bin.urdf.xacro -> /workspaces/OMTP_Exercises/src/install/external_ros_models/share/external_ros_models/urdf
[1.046s] copying urdf/bin/bin.gazebo.xacro -> /workspaces/OMTP_Exercises/src/install/external_ros_models/share/external_ros_models/urdf
[1.046s] creating /workspaces/OMTP_Exercises/src/install/external_ros_models/share/external_ros_models/meshes
[1.046s] copying meshes/bin/visual/bin.dae -> /workspaces/OMTP_Exercises/src/install/external_ros_models/share/external_ros_models/meshes
[1.046s] copying meshes/bin/collision/bin_sides.dae -> /workspaces/OMTP_Exercises/src/install/external_ros_models/share/external_ros_models/meshes
[1.046s] copying meshes/bin/collision/bin_bottom.dae -> /workspaces/OMTP_Exercises/src/install/external_ros_models/share/external_ros_models/meshes
[1.102s] Invoked command in '/workspaces/OMTP_Exercises/src/build/external_ros_models' returned '0': PYTHONPATH=/workspaces/OMTP_Exercises/src/build/external_ros_models/prefix_override:/workspaces/OMTP_Exercises/src/install/external_ros_models/lib/python3.10/site-packages:${PYTHONPATH} /usr/bin/python3 setup.py develop --editable --build-directory /workspaces/OMTP_Exercises/src/build/external_ros_models/build --no-deps install_data
