[0.774s] Invoking command in '/workspaces/OMTP_Exercises/src/build/omtp_lecture1_2': PYTHONPATH=/workspaces/OMTP_Exercises/src/build/omtp_lecture1_2/prefix_override:/workspaces/OMTP_Exercises/src/install/omtp_lecture1_2/lib/python3.10/site-packages:${PYTHONPATH} /usr/bin/python3 setup.py develop --editable --build-directory /workspaces/OMTP_Exercises/src/build/omtp_lecture1_2/build --no-deps install_data
[0.911s] running develop
[0.911s] /usr/lib/python3/dist-packages/setuptools/command/easy_install.py:158: EasyInstallDeprecationWarning: easy_install command is deprecated. Use build and pip and other standards-based tools.
[0.911s]   warnings.warn(
[0.912s] /usr/lib/python3/dist-packages/setuptools/command/install.py:34: SetuptoolsDeprecationWarning: setup.py install is deprecated. Use build and pip and other standards-based tools.
[0.912s]   warnings.warn(
[0.990s] running egg_info
[0.990s] creating omtp_lecture1_2.egg-info
[0.990s] writing omtp_lecture1_2.egg-info/PKG-INFO
[0.991s] writing dependency_links to omtp_lecture1_2.egg-info/dependency_links.txt
[0.991s] writing entry points to omtp_lecture1_2.egg-info/entry_points.txt
[0.991s] writing top-level names to omtp_lecture1_2.egg-info/top_level.txt
[0.991s] writing manifest file 'omtp_lecture1_2.egg-info/SOURCES.txt'
[0.991s] reading manifest file 'omtp_lecture1_2.egg-info/SOURCES.txt'
[0.992s] writing manifest file 'omtp_lecture1_2.egg-info/SOURCES.txt'
[0.992s] running build_ext
[0.993s] Creating /workspaces/OMTP_Exercises/src/install/omtp_lecture1_2/lib/python3.10/site-packages/omtp-lecture1-2.egg-link (link to .)
[0.993s] 
[0.993s] Installed /workspaces/OMTP_Exercises/src/build/omtp_lecture1_2
[0.993s] running install_data
[0.993s] creating /workspaces/OMTP_Exercises/src/install/omtp_lecture1_2/share/ament_index
[0.994s] creating /workspaces/OMTP_Exercises/src/install/omtp_lecture1_2/share/ament_index/resource_index
[0.994s] creating /workspaces/OMTP_Exercises/src/install/omtp_lecture1_2/share/ament_index/resource_index/packages
[0.994s] copying resource/omtp_lecture1_2 -> /workspaces/OMTP_Exercises/src/install/omtp_lecture1_2/share/ament_index/resource_index/packages
[0.994s] copying package.xml -> /workspaces/OMTP_Exercises/src/install/omtp_lecture1_2/share/omtp_lecture1_2
[0.994s] creating /workspaces/OMTP_Exercises/src/install/omtp_lecture1_2/share/omtp_lecture1_2/launch
[0.994s] copying launch/visualize_omtp_factory_launch.xml -> /workspaces/OMTP_Exercises/src/install/omtp_lecture1_2/share/omtp_lecture1_2/launch
[0.995s] copying launch/vizualize_omtp_factory.launch.py -> /workspaces/OMTP_Exercises/src/install/omtp_lecture1_2/share/omtp_lecture1_2/launch
[1.017s] Invoked command in '/workspaces/OMTP_Exercises/src/build/omtp_lecture1_2' returned '0': PYTHONPATH=/workspaces/OMTP_Exercises/src/build/omtp_lecture1_2/prefix_override:/workspaces/OMTP_Exercises/src/install/omtp_lecture1_2/lib/python3.10/site-packages:${PYTHONPATH} /usr/bin/python3 setup.py develop --editable --build-directory /workspaces/OMTP_Exercises/src/build/omtp_lecture1_2/build --no-deps install_data
